{"uuid":"505db3c4-12cf-485e-9902-9db892dc2521","historyId":"34bf29fd524ea4dc5f9443b34876d1f6","fullName":"Login to Sauce Demo and Checkout: Checkout","labels":[{"name":"host","value":"faizanjunani"},{"name":"thread","value":"32296@faizanjunani.main(1)"},{"name":"feature","value":"Login to Sauce Demo and Checkout"},{"name":"story","value":"Checkout"},{"name":"suite","value":"Login to Sauce Demo and Checkout"},{"name":"testClass","value":"Checkout"},{"name":"framework","value":"cucumber4jvm"},{"name":"language","value":"java"},{"name":"gherkin_uri","value":"file:///C:/Users/FaizanJunani/Desktop/SmallWorldAutomation/Projcet3/src/test/resources/Features.feature"},{"name":"package","value":"src.test.resources.Features_feature.Login to Sauce Demo and Checkout"}],"links":[],"name":"Checkout","status":"broken","statusDetails":{"known":false,"muted":false,"flaky":false,"message":"Unable to find element with locator By.id: add-to-cart-sauce-labs-backpack\nFor documentation on this error, please visit: https://selenium.dev/exceptions/#no_such_element\nBuild info: version: '4.9.0', revision: 'd7057100a6'\nSystem info: os.name: 'Windows 11', os.arch: 'amd64', os.version: '10.0', java.version: '19.0.2'\nDriver info: driver.version: RemoteWebDriver","trace":"org.openqa.selenium.NoSuchElementException: Unable to find element with locator By.id: add-to-cart-sauce-labs-backpack\nFor documentation on this error, please visit: https://selenium.dev/exceptions/#no_such_element\nBuild info: version: '4.9.0', revision: 'd7057100a6'\nSystem info: os.name: 'Windows 11', os.arch: 'amd64', os.version: '10.0', java.version: '19.0.2'\nDriver info: driver.version: RemoteWebDriver\r\n\tat org.openqa.selenium.remote.ElementLocation$ElementFinder$2.findElement(ElementLocation.java:165)\r\n\tat org.openqa.selenium.remote.ElementLocation.findElement(ElementLocation.java:60)\r\n\tat org.openqa.selenium.remote.RemoteWebDriver.findElement(RemoteWebDriver.java:352)\r\n\tat org.openqa.selenium.remote.RemoteWebDriver.findElement(RemoteWebDriver.java:344)\r\n\tat StepDefinition.Steps.userAddHisDesiredProductToCart(Steps.java:61)\r\n\tat ✽.user add his desired product to cart(file:///C:/Users/FaizanJunani/Desktop/SmallWorldAutomation/Projcet3/src/test/resources/Features.feature:25)\r\n"},"stage":"finished","steps":[{"name":"Given  user is present on login page","status":"passed","statusDetails":{"known":false,"muted":false,"flaky":false},"stage":"finished","steps":[],"attachments":[],"parameters":[],"start":1683102576328,"stop":1683102577291},{"name":"When  user enters valid data with username as \"<Username>\" and password as \"<password>\"","status":"passed","statusDetails":{"known":false,"muted":false,"flaky":false},"stage":"finished","steps":[],"attachments":[],"parameters":[],"start":1683102577291,"stop":1683102577460},{"name":"And  click login button","status":"passed","statusDetails":{"known":false,"muted":false,"flaky":false},"stage":"finished","steps":[],"attachments":[],"parameters":[],"start":1683102577460,"stop":1683102577532},{"name":"Then  user add his desired product to cart","status":"broken","statusDetails":{"known":false,"muted":false,"flaky":false,"message":"Unable to find element with locator By.id: add-to-cart-sauce-labs-backpack\nFor documentation on this error, please visit: https://selenium.dev/exceptions/#no_such_element\nBuild info: version: '4.9.0', revision: 'd7057100a6'\nSystem info: os.name: 'Windows 11', os.arch: 'amd64', os.version: '10.0', java.version: '19.0.2'\nDriver info: driver.version: RemoteWebDriver","trace":"org.openqa.selenium.NoSuchElementException: Unable to find element with locator By.id: add-to-cart-sauce-labs-backpack\nFor documentation on this error, please visit: https://selenium.dev/exceptions/#no_such_element\nBuild info: version: '4.9.0', revision: 'd7057100a6'\nSystem info: os.name: 'Windows 11', os.arch: 'amd64', os.version: '10.0', java.version: '19.0.2'\nDriver info: driver.version: RemoteWebDriver\r\n\tat org.openqa.selenium.remote.ElementLocation$ElementFinder$2.findElement(ElementLocation.java:165)\r\n\tat org.openqa.selenium.remote.ElementLocation.findElement(ElementLocation.java:60)\r\n\tat org.openqa.selenium.remote.RemoteWebDriver.findElement(RemoteWebDriver.java:352)\r\n\tat org.openqa.selenium.remote.RemoteWebDriver.findElement(RemoteWebDriver.java:344)\r\n\tat StepDefinition.Steps.userAddHisDesiredProductToCart(Steps.java:61)\r\n\tat ✽.user add his desired product to cart(file:///C:/Users/FaizanJunani/Desktop/SmallWorldAutomation/Projcet3/src/test/resources/Features.feature:25)\r\n"},"stage":"finished","steps":[],"attachments":[],"parameters":[],"start":1683102577532,"stop":1683102582549},{"name":"Then  user visits the cart to checkout","status":"skipped","statusDetails":{"known":false,"muted":false,"flaky":false},"stage":"finished","steps":[],"attachments":[],"parameters":[],"start":1683102582551,"stop":1683102582557},{"name":"Then  user enters data with first name as \"faizan\" last name as \"junani\" and postal code as \"090\"","status":"skipped","statusDetails":{"known":false,"muted":false,"flaky":false},"stage":"finished","steps":[],"attachments":[],"parameters":[],"start":1683102582557,"stop":1683102582558},{"name":"Then  user continues to Order info and confirms the order","status":"skipped","statusDetails":{"known":false,"muted":false,"flaky":false},"stage":"finished","steps":[],"attachments":[],"parameters":[],"start":1683102582559,"stop":1683102582560}],"attachments":[],"parameters":[{"name":"firstname","value":"faizan"},{"name":"lastname","value":"junani"},{"name":"postalcode","value":"090"}],"start":1683102575495,"stop":1683102582579}